<?xml version="1.0" encoding="UTF-8"?>
<coverage generated="1506708440427" clover="3.2.0">
  <project timestamp="1506708440428" name="All files">
    <metrics statements="73" coveredstatements="67" conditionals="28" coveredconditionals="14" methods="18" coveredmethods="17" elements="119" coveredelements="98" complexity="0" loc="73" ncloc="73" packages="3" files="6" classes="6">
      <package name="src">
        <metrics statements="28" coveredstatements="26" conditionals="11" coveredconditionals="5" methods="9" coveredmethods="8"/>
        <file name="index.js" path="/Sites/vue-request/src/index.js">
          <metrics statements="1" coveredstatements="1" conditionals="0" coveredconditionals="0" methods="1" coveredmethods="1"/>
          <line num="5" count="2" type="stmt"/>
        </file>
        <file name="mixin.js" path="/Sites/vue-request/src/mixin.js">
          <metrics statements="12" coveredstatements="12" conditionals="2" coveredconditionals="1" methods="3" coveredmethods="3"/>
          <line num="5" count="2" type="stmt"/>
          <line num="12" count="2" type="stmt"/>
          <line num="13" count="2" type="stmt"/>
          <line num="14" count="1" type="stmt"/>
          <line num="16" count="1" type="stmt"/>
          <line num="18" count="3" type="stmt"/>
          <line num="19" count="1" type="stmt"/>
          <line num="20" count="4" type="cond" truecount="1" falsecount="1"/>
          <line num="21" count="1" type="stmt"/>
          <line num="23" count="3" type="stmt"/>
          <line num="27" count="1" type="stmt"/>
          <line num="29" count="1" type="stmt"/>
        </file>
        <file name="request.js" path="/Sites/vue-request/src/request.js">
          <metrics statements="15" coveredstatements="13" conditionals="9" coveredconditionals="4" methods="5" coveredmethods="4"/>
          <line num="6" count="2" type="stmt"/>
          <line num="7" count="4" type="stmt"/>
          <line num="21" count="4" type="stmt"/>
          <line num="22" count="4" type="cond" truecount="1" falsecount="1"/>
          <line num="26" count="4" type="stmt"/>
          <line num="27" count="2" type="stmt"/>
          <line num="29" count="4" type="cond" truecount="1" falsecount="1"/>
          <line num="30" count="3" type="stmt"/>
          <line num="33" count="2" type="stmt"/>
          <line num="41" count="4" type="stmt"/>
          <line num="42" count="0" type="stmt"/>
          <line num="46" count="2" type="stmt"/>
          <line num="47" count="1" type="cond" truecount="1" falsecount="1"/>
          <line num="48" count="0" type="stmt"/>
          <line num="51" count="2" type="stmt"/>
        </file>
      </package>
      <package name="src.tests">
        <metrics statements="15" coveredstatements="15" conditionals="0" coveredconditionals="0" methods="5" coveredmethods="5"/>
        <file name="index.spec.js" path="/Sites/vue-request/src/tests/index.spec.js">
          <metrics statements="14" coveredstatements="14" conditionals="0" coveredconditionals="0" methods="5" coveredmethods="5"/>
          <line num="4" count="1" type="stmt"/>
          <line num="6" count="1" type="stmt"/>
          <line num="8" count="1" type="stmt"/>
          <line num="9" count="1" type="stmt"/>
          <line num="15" count="1" type="stmt"/>
          <line num="16" count="1" type="stmt"/>
          <line num="17" count="1" type="stmt"/>
          <line num="19" count="1" type="stmt"/>
          <line num="20" count="1" type="stmt"/>
          <line num="27" count="1" type="stmt"/>
          <line num="33" count="1" type="stmt"/>
          <line num="34" count="1" type="stmt"/>
          <line num="35" count="1" type="stmt"/>
          <line num="38" count="1" type="stmt"/>
        </file>
        <file name="jest.conf.js" path="/Sites/vue-request/src/tests/jest.conf.js">
          <metrics statements="1" coveredstatements="1" conditionals="0" coveredconditionals="0" methods="0" coveredmethods="0"/>
          <line num="1" count="2" type="stmt"/>
        </file>
      </package>
      <package name="src.utils">
        <metrics statements="30" coveredstatements="26" conditionals="17" coveredconditionals="9" methods="4" coveredmethods="4"/>
        <file name="index.js" path="/Sites/vue-request/src/utils/index.js">
          <metrics statements="30" coveredstatements="26" conditionals="17" coveredconditionals="9" methods="4" coveredmethods="4"/>
          <line num="4" count="8" type="stmt"/>
          <line num="8" count="2" type="stmt"/>
          <line num="12" count="3" type="stmt"/>
          <line num="15" count="1" type="stmt"/>
          <line num="19" count="2" type="stmt"/>
          <line num="20" count="3" type="stmt"/>
          <line num="21" count="2" type="cond" truecount="2" falsecount="2"/>
          <line num="22" count="1" type="stmt"/>
          <line num="26" count="2" type="stmt"/>
          <line num="27" count="1" type="stmt"/>
          <line num="28" count="3" type="cond" truecount="2" falsecount="2"/>
          <line num="29" count="2" type="stmt"/>
          <line num="33" count="3" type="stmt"/>
          <line num="34" count="2" type="stmt"/>
          <line num="35" count="2" type="cond" truecount="2" falsecount="2"/>
          <line num="36" count="0" type="stmt"/>
          <line num="42" count="4" type="stmt"/>
          <line num="43" count="2" type="stmt"/>
          <line num="44" count="2" type="stmt"/>
          <line num="45" count="4" type="stmt"/>
          <line num="46" count="4" type="cond" truecount="2" falsecount="0"/>
          <line num="47" count="1" type="stmt"/>
          <line num="49" count="1" type="stmt"/>
          <line num="52" count="0" type="stmt"/>
          <line num="57" count="2" type="stmt"/>
          <line num="59" count="2" type="stmt"/>
          <line num="60" count="0" type="cond" truecount="0" falsecount="2"/>
          <line num="61" count="0" type="stmt"/>
          <line num="64" count="2" type="stmt"/>
          <line num="65" count="2" type="stmt"/>
        </file>
      </package>
    </metrics>
  </project>
</coverage>
