TN:
SF:/Sites/vue-request/src/index.js
FN:4,(anonymous_0)
FNF:1
FNH:1
FNDA:2,(anonymous_0)
DA:5,2
LF:1
LH:1
BRF:0
BRH:0
end_of_record
TN:
SF:/Sites/vue-request/src/mixin.js
FN:12,(anonymous_0)
FN:19,(anonymous_1)
FN:27,(anonymous_2)
FNF:3
FNH:3
FNDA:2,(anonymous_0)
FNDA:4,(anonymous_1)
FNDA:2,(anonymous_2)
DA:5,2
DA:12,2
DA:13,2
DA:14,1
DA:16,1
DA:18,3
DA:19,1
DA:20,4
DA:21,1
DA:23,3
DA:27,1
DA:29,1
LF:12
LH:12
BRDA:20,0,0,0
BRDA:20,0,1,4
BRF:2
BRH:1
end_of_record
TN:
SF:/Sites/vue-request/src/request.js
FN:6,(anonymous_0)
FN:16,Request
FN:40,(anonymous_2)
FN:41,(anonymous_3)
FN:46,(anonymous_4)
FNF:5
FNH:4
FNDA:4,(anonymous_0)
FNDA:4,Request
FNDA:4,(anonymous_2)
FNDA:0,(anonymous_3)
FNDA:2,(anonymous_4)
DA:6,2
DA:7,4
DA:21,4
DA:22,4
DA:26,4
DA:27,2
DA:29,4
DA:30,3
DA:33,2
DA:41,4
DA:42,0
DA:46,2
DA:47,1
DA:48,0
DA:51,2
LF:15
LH:13
BRDA:17,0,0,0
BRDA:18,1,0,4
BRDA:19,2,0,0
BRDA:22,3,0,0
BRDA:22,3,1,4
BRDA:29,4,0,4
BRDA:29,4,1,0
BRDA:47,5,0,0
BRDA:47,5,1,2
BRF:9
BRH:4
end_of_record
TN:
SF:/Sites/vue-request/src/tests/index.spec.js
FN:8,(anonymous_0)
FN:15,(anonymous_1)
FN:18,(anonymous_2)
FN:33,(anonymous_3)
FN:36,(anonymous_4)
FNF:5
FNH:5
FNDA:1,(anonymous_0)
FNDA:1,(anonymous_1)
FNDA:1,(anonymous_2)
FNDA:1,(anonymous_3)
FNDA:1,(anonymous_4)
DA:4,1
DA:6,1
DA:8,1
DA:9,1
DA:15,1
DA:16,1
DA:17,1
DA:19,1
DA:20,1
DA:27,1
DA:33,1
DA:34,1
DA:35,1
DA:38,1
LF:14
LH:14
BRF:0
BRH:0
end_of_record
TN:
SF:/Sites/vue-request/src/tests/jest.conf.js
FNF:0
FNH:0
DA:1,2
LF:1
LH:1
BRF:0
BRH:0
end_of_record
TN:
SF:/Sites/vue-request/src/utils/index.js
FN:3,isDef
FN:7,validateArgs
FN:41,handleXHRErrors
FN:56,processHeaders
FNF:4
FNH:4
FNDA:8,isDef
FNDA:2,validateArgs
FNDA:4,handleXHRErrors
FNDA:4,processHeaders
DA:4,8
DA:8,2
DA:12,3
DA:15,1
DA:19,2
DA:20,3
DA:21,2
DA:22,1
DA:26,2
DA:27,1
DA:28,3
DA:29,2
DA:33,3
DA:34,2
DA:35,2
DA:36,0
DA:42,4
DA:43,2
DA:44,2
DA:45,4
DA:46,4
DA:47,1
DA:49,1
DA:52,0
DA:57,2
DA:59,2
DA:60,0
DA:61,0
DA:64,2
DA:65,2
LF:30
LH:26
BRDA:7,0,0,2
BRDA:21,1,0,0
BRDA:21,1,1,4
BRDA:21,2,0,4
BRDA:21,2,1,0
BRDA:28,3,0,0
BRDA:28,3,1,2
BRDA:28,4,0,2
BRDA:28,4,1,0
BRDA:35,5,0,0
BRDA:35,5,1,2
BRDA:35,6,0,2
BRDA:35,6,1,0
BRDA:46,7,0,2
BRDA:46,7,1,2
BRDA:60,8,0,0
BRDA:60,8,1,0
BRF:17
BRH:9
end_of_record
